[34788:19092:0324/000138.879:WARNING:chrome_main_delegate.cc(740)] This is Chrome version 123.0.6312.59 (not a warning)
[34788:19092:0324/000138.969:INFO:policy_logger.cc(145)] :components\enterprise\browser\controller\chrome_browser_cloud_management_controller.cc(168) Starting CBCM Controller Initialization
[34788:19092:0324/000138.969:INFO:policy_logger.cc(145)] :components\enterprise\browser\controller\chrome_browser_cloud_management_controller.cc(196) No machine level policy manager exists.
[34788:19092:0324/000139.963:INFO:CONSOLE(2)] "JQMIGRATE: Migrate is installed, version 3.3.2", source: https://library.korea.ac.kr/wp-includes/js/jquery/jquery-migrate.min.js?ver=3.3.2 (2)
[34788:19092:0324/000141.631:INFO:CONSOLE(2)] "JQMIGRATE: Migrate is installed, version 3.3.2", source: https://library.korea.ac.kr/wp-includes/js/jquery/jquery-migrate.min.js?ver=3.3.2 (2)
[34788:19092:0324/000142.823:INFO:CONSOLE(2)] "JQMIGRATE: Migrate is installed, version 3.3.2", source: https://library.korea.ac.kr/wp-includes/js/jquery/jquery-migrate.min.js?ver=3.3.2 (2)
[34788:19092:0324/000143.962:INFO:CONSOLE(2)] "JQMIGRATE: Migrate is installed, version 3.3.2", source: https://library.korea.ac.kr/wp-includes/js/jquery/jquery-migrate.min.js?ver=3.3.2 (2)
[34788:19092:0324/000145.002:INFO:CONSOLE(2)] "JQMIGRATE: Migrate is installed, version 3.3.2", source: https://library.korea.ac.kr/wp-includes/js/jquery/jquery-migrate.min.js?ver=3.3.2 (2)
[34788:19092:0324/000146.029:INFO:CONSOLE(2)] "JQMIGRATE: Migrate is installed, version 3.3.2", source: https://library.korea.ac.kr/wp-includes/js/jquery/jquery-migrate.min.js?ver=3.3.2 (2)
[34788:19092:0324/000147.041:INFO:CONSOLE(2)] "JQMIGRATE: Migrate is installed, version 3.3.2", source: https://library.korea.ac.kr/wp-includes/js/jquery/jquery-migrate.min.js?ver=3.3.2 (2)
[34788:19092:0324/000148.084:INFO:CONSOLE(2)] "JQMIGRATE: Migrate is installed, version 3.3.2", source: https://library.korea.ac.kr/wp-includes/js/jquery/jquery-migrate.min.js?ver=3.3.2 (2)
[34788:19092:0324/000149.306:INFO:CONSOLE(2)] "JQMIGRATE: Migrate is installed, version 3.3.2", source: https://library.korea.ac.kr/wp-includes/js/jquery/jquery-migrate.min.js?ver=3.3.2 (2)
[34788:19092:0324/000150.504:INFO:CONSOLE(2)] "JQMIGRATE: Migrate is installed, version 3.3.2", source: https://library.korea.ac.kr/wp-includes/js/jquery/jquery-migrate.min.js?ver=3.3.2 (2)
[34788:19092:0324/000151.574:INFO:CONSOLE(2)] "JQMIGRATE: Migrate is installed, version 3.3.2", source: https://library.korea.ac.kr/wp-includes/js/jquery/jquery-migrate.min.js?ver=3.3.2 (2)
[34788:19092:0324/000152.650:INFO:CONSOLE(2)] "JQMIGRATE: Migrate is installed, version 3.3.2", source: https://library.korea.ac.kr/wp-includes/js/jquery/jquery-migrate.min.js?ver=3.3.2 (2)
[34788:19092:0324/000153.706:INFO:CONSOLE(2)] "JQMIGRATE: Migrate is installed, version 3.3.2", source: https://library.korea.ac.kr/wp-includes/js/jquery/jquery-migrate.min.js?ver=3.3.2 (2)
[34788:19092:0324/000154.752:INFO:CONSOLE(2)] "JQMIGRATE: Migrate is installed, version 3.3.2", source: https://library.korea.ac.kr/wp-includes/js/jquery/jquery-migrate.min.js?ver=3.3.2 (2)
[34788:19092:0324/000155.897:INFO:CONSOLE(2)] "JQMIGRATE: Migrate is installed, version 3.3.2", source: https://library.korea.ac.kr/wp-includes/js/jquery/jquery-migrate.min.js?ver=3.3.2 (2)
[34788:19092:0324/000157.090:INFO:CONSOLE(2)] "JQMIGRATE: Migrate is installed, version 3.3.2", source: https://library.korea.ac.kr/wp-includes/js/jquery/jquery-migrate.min.js?ver=3.3.2 (2)
[34788:19092:0324/000158.175:INFO:CONSOLE(2)] "JQMIGRATE: Migrate is installed, version 3.3.2", source: https://library.korea.ac.kr/wp-includes/js/jquery/jquery-migrate.min.js?ver=3.3.2 (2)
[34788:19092:0324/000159.243:INFO:CONSOLE(2)] "JQMIGRATE: Migrate is installed, version 3.3.2", source: https://library.korea.ac.kr/wp-includes/js/jquery/jquery-migrate.min.js?ver=3.3.2 (2)
[34788:19092:0324/000200.343:INFO:CONSOLE(2)] "JQMIGRATE: Migrate is installed, version 3.3.2", source: https://library.korea.ac.kr/wp-includes/js/jquery/jquery-migrate.min.js?ver=3.3.2 (2)
[34788:19092:0324/000201.423:INFO:CONSOLE(2)] "JQMIGRATE: Migrate is installed, version 3.3.2", source: https://library.korea.ac.kr/wp-includes/js/jquery/jquery-migrate.min.js?ver=3.3.2 (2)
[34788:19092:0324/000202.529:INFO:CONSOLE(2)] "JQMIGRATE: Migrate is installed, version 3.3.2", source: https://library.korea.ac.kr/wp-includes/js/jquery/jquery-migrate.min.js?ver=3.3.2 (2)
[34788:19092:0324/000203.633:INFO:CONSOLE(2)] "JQMIGRATE: Migrate is installed, version 3.3.2", source: https://library.korea.ac.kr/wp-includes/js/jquery/jquery-migrate.min.js?ver=3.3.2 (2)
[34788:19092:0324/000204.688:INFO:CONSOLE(2)] "JQMIGRATE: Migrate is installed, version 3.3.2", source: https://library.korea.ac.kr/wp-includes/js/jquery/jquery-migrate.min.js?ver=3.3.2 (2)
[34788:19092:0324/000205.720:INFO:CONSOLE(2)] "JQMIGRATE: Migrate is installed, version 3.3.2", source: https://library.korea.ac.kr/wp-includes/js/jquery/jquery-migrate.min.js?ver=3.3.2 (2)
[34788:19092:0324/000206.786:INFO:CONSOLE(2)] "JQMIGRATE: Migrate is installed, version 3.3.2", source: https://library.korea.ac.kr/wp-includes/js/jquery/jquery-migrate.min.js?ver=3.3.2 (2)
[34788:19092:0324/000207.890:INFO:CONSOLE(2)] "JQMIGRATE: Migrate is installed, version 3.3.2", source: https://library.korea.ac.kr/wp-includes/js/jquery/jquery-migrate.min.js?ver=3.3.2 (2)
[34788:19092:0324/000208.909:INFO:CONSOLE(2)] "JQMIGRATE: Migrate is installed, version 3.3.2", source: https://library.korea.ac.kr/wp-includes/js/jquery/jquery-migrate.min.js?ver=3.3.2 (2)
[34788:19092:0324/000209.985:INFO:CONSOLE(2)] "JQMIGRATE: Migrate is installed, version 3.3.2", source: https://library.korea.ac.kr/wp-includes/js/jquery/jquery-migrate.min.js?ver=3.3.2 (2)
[34788:19092:0324/000211.059:INFO:CONSOLE(2)] "JQMIGRATE: Migrate is installed, version 3.3.2", source: https://library.korea.ac.kr/wp-includes/js/jquery/jquery-migrate.min.js?ver=3.3.2 (2)
[34788:19092:0324/000212.211:INFO:CONSOLE(2)] "JQMIGRATE: Migrate is installed, version 3.3.2", source: https://library.korea.ac.kr/wp-includes/js/jquery/jquery-migrate.min.js?ver=3.3.2 (2)
[34788:19092:0324/000213.423:INFO:CONSOLE(2)] "JQMIGRATE: Migrate is installed, version 3.3.2", source: https://library.korea.ac.kr/wp-includes/js/jquery/jquery-migrate.min.js?ver=3.3.2 (2)
[34788:19092:0324/000214.630:INFO:CONSOLE(2)] "JQMIGRATE: Migrate is installed, version 3.3.2", source: https://library.korea.ac.kr/wp-includes/js/jquery/jquery-migrate.min.js?ver=3.3.2 (2)
[34788:19092:0324/000215.960:INFO:CONSOLE(2)] "JQMIGRATE: Migrate is installed, version 3.3.2", source: https://library.korea.ac.kr/wp-includes/js/jquery/jquery-migrate.min.js?ver=3.3.2 (2)
[34788:19092:0324/000217.035:INFO:CONSOLE(2)] "JQMIGRATE: Migrate is installed, version 3.3.2", source: https://library.korea.ac.kr/wp-includes/js/jquery/jquery-migrate.min.js?ver=3.3.2 (2)
[34788:19092:0324/000218.229:INFO:CONSOLE(2)] "JQMIGRATE: Migrate is installed, version 3.3.2", source: https://library.korea.ac.kr/wp-includes/js/jquery/jquery-migrate.min.js?ver=3.3.2 (2)
[34788:19092:0324/000219.321:INFO:CONSOLE(2)] "JQMIGRATE: Migrate is installed, version 3.3.2", source: https://library.korea.ac.kr/wp-includes/js/jquery/jquery-migrate.min.js?ver=3.3.2 (2)
[34788:19092:0324/000220.329:INFO:CONSOLE(2)] "JQMIGRATE: Migrate is installed, version 3.3.2", source: https://library.korea.ac.kr/wp-includes/js/jquery/jquery-migrate.min.js?ver=3.3.2 (2)
[34788:19092:0324/000221.429:INFO:CONSOLE(2)] "JQMIGRATE: Migrate is installed, version 3.3.2", source: https://library.korea.ac.kr/wp-includes/js/jquery/jquery-migrate.min.js?ver=3.3.2 (2)
[34788:19092:0324/000222.448:INFO:CONSOLE(2)] "JQMIGRATE: Migrate is installed, version 3.3.2", source: https://library.korea.ac.kr/wp-includes/js/jquery/jquery-migrate.min.js?ver=3.3.2 (2)
[34788:19092:0324/000223.476:INFO:CONSOLE(2)] "JQMIGRATE: Migrate is installed, version 3.3.2", source: https://library.korea.ac.kr/wp-includes/js/jquery/jquery-migrate.min.js?ver=3.3.2 (2)
[34788:19092:0324/000224.590:INFO:CONSOLE(2)] "JQMIGRATE: Migrate is installed, version 3.3.2", source: https://library.korea.ac.kr/wp-includes/js/jquery/jquery-migrate.min.js?ver=3.3.2 (2)
[34788:19092:0324/000225.728:INFO:CONSOLE(2)] "JQMIGRATE: Migrate is installed, version 3.3.2", source: https://library.korea.ac.kr/wp-includes/js/jquery/jquery-migrate.min.js?ver=3.3.2 (2)
[34788:19092:0324/000226.851:INFO:CONSOLE(2)] "JQMIGRATE: Migrate is installed, version 3.3.2", source: https://library.korea.ac.kr/wp-includes/js/jquery/jquery-migrate.min.js?ver=3.3.2 (2)
[34788:19092:0324/000228.059:INFO:CONSOLE(2)] "JQMIGRATE: Migrate is installed, version 3.3.2", source: https://library.korea.ac.kr/wp-includes/js/jquery/jquery-migrate.min.js?ver=3.3.2 (2)
[34788:19092:0324/000229.141:INFO:CONSOLE(2)] "JQMIGRATE: Migrate is installed, version 3.3.2", source: https://library.korea.ac.kr/wp-includes/js/jquery/jquery-migrate.min.js?ver=3.3.2 (2)
[34788:19092:0324/000230.197:INFO:CONSOLE(2)] "JQMIGRATE: Migrate is installed, version 3.3.2", source: https://library.korea.ac.kr/wp-includes/js/jquery/jquery-migrate.min.js?ver=3.3.2 (2)
[34788:19092:0324/000231.323:INFO:CONSOLE(2)] "JQMIGRATE: Migrate is installed, version 3.3.2", source: https://library.korea.ac.kr/wp-includes/js/jquery/jquery-migrate.min.js?ver=3.3.2 (2)
[34788:19092:0324/000232.526:INFO:CONSOLE(2)] "JQMIGRATE: Migrate is installed, version 3.3.2", source: https://library.korea.ac.kr/wp-includes/js/jquery/jquery-migrate.min.js?ver=3.3.2 (2)
[34788:19092:0324/000233.551:INFO:CONSOLE(2)] "JQMIGRATE: Migrate is installed, version 3.3.2", source: https://library.korea.ac.kr/wp-includes/js/jquery/jquery-migrate.min.js?ver=3.3.2 (2)
[34788:19092:0324/000234.715:INFO:CONSOLE(2)] "JQMIGRATE: Migrate is installed, version 3.3.2", source: https://library.korea.ac.kr/wp-includes/js/jquery/jquery-migrate.min.js?ver=3.3.2 (2)
[34788:19092:0324/000235.847:INFO:CONSOLE(2)] "JQMIGRATE: Migrate is installed, version 3.3.2", source: https://library.korea.ac.kr/wp-includes/js/jquery/jquery-migrate.min.js?ver=3.3.2 (2)
[34788:19092:0324/000236.866:INFO:CONSOLE(2)] "JQMIGRATE: Migrate is installed, version 3.3.2", source: https://library.korea.ac.kr/wp-includes/js/jquery/jquery-migrate.min.js?ver=3.3.2 (2)
[34788:19092:0324/000237.933:INFO:CONSOLE(2)] "JQMIGRATE: Migrate is installed, version 3.3.2", source: https://library.korea.ac.kr/wp-includes/js/jquery/jquery-migrate.min.js?ver=3.3.2 (2)
[34788:19092:0324/000239.239:INFO:CONSOLE(2)] "JQMIGRATE: Migrate is installed, version 3.3.2", source: https://library.korea.ac.kr/wp-includes/js/jquery/jquery-migrate.min.js?ver=3.3.2 (2)
[34788:19092:0324/000240.487:INFO:CONSOLE(2)] "JQMIGRATE: Migrate is installed, version 3.3.2", source: https://library.korea.ac.kr/wp-includes/js/jquery/jquery-migrate.min.js?ver=3.3.2 (2)
[34788:19092:0324/000241.684:INFO:CONSOLE(2)] "JQMIGRATE: Migrate is installed, version 3.3.2", source: https://library.korea.ac.kr/wp-includes/js/jquery/jquery-migrate.min.js?ver=3.3.2 (2)
[34788:19092:0324/000242.763:INFO:CONSOLE(2)] "JQMIGRATE: Migrate is installed, version 3.3.2", source: https://library.korea.ac.kr/wp-includes/js/jquery/jquery-migrate.min.js?ver=3.3.2 (2)
[34788:19092:0324/000244.041:INFO:CONSOLE(2)] "JQMIGRATE: Migrate is installed, version 3.3.2", source: https://library.korea.ac.kr/wp-includes/js/jquery/jquery-migrate.min.js?ver=3.3.2 (2)
[34788:19092:0324/000245.277:INFO:CONSOLE(2)] "JQMIGRATE: Migrate is installed, version 3.3.2", source: https://library.korea.ac.kr/wp-includes/js/jquery/jquery-migrate.min.js?ver=3.3.2 (2)
[34788:19092:0324/000246.387:INFO:CONSOLE(2)] "JQMIGRATE: Migrate is installed, version 3.3.2", source: https://library.korea.ac.kr/wp-includes/js/jquery/jquery-migrate.min.js?ver=3.3.2 (2)
[34788:19092:0324/000247.823:INFO:CONSOLE(2)] "JQMIGRATE: Migrate is installed, version 3.3.2", source: https://library.korea.ac.kr/wp-includes/js/jquery/jquery-migrate.min.js?ver=3.3.2 (2)
[34788:19092:0324/000249.173:INFO:CONSOLE(2)] "JQMIGRATE: Migrate is installed, version 3.3.2", source: https://library.korea.ac.kr/wp-includes/js/jquery/jquery-migrate.min.js?ver=3.3.2 (2)
[34788:19092:0324/000250.392:INFO:CONSOLE(2)] "JQMIGRATE: Migrate is installed, version 3.3.2", source: https://library.korea.ac.kr/wp-includes/js/jquery/jquery-migrate.min.js?ver=3.3.2 (2)
[34788:19092:0324/000251.692:INFO:CONSOLE(2)] "JQMIGRATE: Migrate is installed, version 3.3.2", source: https://library.korea.ac.kr/wp-includes/js/jquery/jquery-migrate.min.js?ver=3.3.2 (2)
[34788:19092:0324/000252.746:INFO:CONSOLE(2)] "JQMIGRATE: Migrate is installed, version 3.3.2", source: https://library.korea.ac.kr/wp-includes/js/jquery/jquery-migrate.min.js?ver=3.3.2 (2)
[34788:19092:0324/000253.853:INFO:CONSOLE(2)] "JQMIGRATE: Migrate is installed, version 3.3.2", source: https://library.korea.ac.kr/wp-includes/js/jquery/jquery-migrate.min.js?ver=3.3.2 (2)
[34788:19092:0324/000255.178:INFO:CONSOLE(2)] "JQMIGRATE: Migrate is installed, version 3.3.2", source: https://library.korea.ac.kr/wp-includes/js/jquery/jquery-migrate.min.js?ver=3.3.2 (2)
[34788:19092:0324/000256.600:WARNING:pref_notifier_impl.cc(41)] Pref observer for media_router.cast_allow_all_ips found at shutdown.
